<?xml version="1.0" encoding="utf-8"?><testsuites name="pytest tests"><testsuite name="pytest" errors="0" failures="3" skipped="0" tests="8" time="253.535" timestamp="2026-05-25T10:55:37.239248-06:00" hostname="malusoto"><testcase classname="tests.Login.test_Login" name="test_login_valid_credentials" time="20.750" /><testcase classname="tests.Login.test_Login" name="test_login_wrong_password" time="20.240" /><testcase classname="tests.Login.test_Login" name="test_login_wrong_email" time="20.086" /><testcase classname="tests.Login.test_Login" name="test_login_empty_fields" time="18.795" /><testcase classname="tests.Login.test_Login" name="test_login_empty_password" time="18.706" /><testcase classname="tests.WebApp.test_CreateTask" name="test_create_task_basic" time="51.787"><failure message="selenium.common.exceptions.TimeoutException: Message: &#10;Stacktrace:&#10;&#09;chromedriver!GetHandleVerifier [0xa0b593+105d3]&#10;&#09;chromedriver!GetHandleVerifier [0xa0b6c4+10704]&#10;&#09;chromedriver!(No symbol) [0x811ea0]&#10;&#09;chromedriver!(No symbol) [0x85b28a]&#10;&#09;chromedriver!(No symbol) [0x85b52b]&#10;&#09;chromedriver!(No symbol) [0x89d052]&#10;&#09;chromedriver!(No symbol) [0x87d7c4]&#10;&#09;chromedriver!(No symbol) [0x89a936]&#10;&#09;chromedriver!(No symbol) [0x87d516]&#10;&#09;chromedriver!(No symbol) [0x8508e9]&#10;&#09;chromedriver!(No symbol) [0x8516a4]&#10;&#09;chromedriver!GetHandleVerifier [0xc93014+298054]&#10;&#09;chromedriver!GetHandleVerifier [0xc8e603+293643]&#10;&#09;chromedriver!GetHandleVerifier [0xcaea05+2b3a45]&#10;&#09;chromedriver!GetHandleVerifier [0xa254e8+2a528]&#10;&#09;chromedriver!GetHandleVerifier [0xa2cd1d+31d5d]&#10;&#09;chromedriver!GetHandleVerifier [0xa13e68+18ea8]&#10;&#09;chromedriver!GetHandleVerifier [0xa14015+19055]&#10;&#09;chromedriver!GetHandleVerifier [0x9fd65f+269f]&#10;&#09;KERNEL32!BaseThreadInitThunk [0x75215d49+19]&#10;&#09;ntdll!RtlInitializeExceptionChain [0x7779d83b+6b]&#10;&#09;ntdll!RtlGetAppContainerNamedObjectPath [0x7779d7c1+231]">pages\webapp\TaskFunctions.py:29: in click_new_task
    btn = wait_for_clickable(self.driver, NEW_TASK_BUTTON, timeout=15)
          ^^^^^^^^^^^^^^^^^^^^^^^^^^^^^^^^^^^^^^^^^^^^^^^^^^^^^^^^^^^^
utils\wait_utils.py:18: in wait_for_clickable
    return WebDriverWait(driver, timeout).until(
C:\Users\pinki\AppData\Local\Packages\PythonSoftwareFoundation.Python.3.11_qbz5n2kfra8p0\LocalCache\local-packages\Python311\site-packages\selenium\webdriver\support\wait.py:121: in until
    raise TimeoutException(message, screen, stacktrace)
E   selenium.common.exceptions.TimeoutException: Message: 
E   Stacktrace:
E   	chromedriver!GetHandleVerifier [0xa0b593+105d3]
E   	chromedriver!GetHandleVerifier [0xa0b6c4+10704]
E   	chromedriver!(No symbol) [0x811ea0]
E   	chromedriver!(No symbol) [0x85b28a]
E   	chromedriver!(No symbol) [0x85b52b]
E   	chromedriver!(No symbol) [0x89d052]
E   	chromedriver!(No symbol) [0x87d7c4]
E   	chromedriver!(No symbol) [0x89a936]
E   	chromedriver!(No symbol) [0x87d516]
E   	chromedriver!(No symbol) [0x8508e9]
E   	chromedriver!(No symbol) [0x8516a4]
E   	chromedriver!GetHandleVerifier [0xc93014+298054]
E   	chromedriver!GetHandleVerifier [0xc8e603+293643]
E   	chromedriver!GetHandleVerifier [0xcaea05+2b3a45]
E   	chromedriver!GetHandleVerifier [0xa254e8+2a528]
E   	chromedriver!GetHandleVerifier [0xa2cd1d+31d5d]
E   	chromedriver!GetHandleVerifier [0xa13e68+18ea8]
E   	chromedriver!GetHandleVerifier [0xa14015+19055]
E   	chromedriver!GetHandleVerifier [0x9fd65f+269f]
E   	KERNEL32!BaseThreadInitThunk [0x75215d49+19]
E   	ntdll!RtlInitializeExceptionChain [0x7779d83b+6b]
E   	ntdll!RtlGetAppContainerNamedObjectPath [0x7779d7c1+231]

During handling of the above exception, another exception occurred:
tests\WebApp\test_CreateTask.py:34: in test_create_task_basic
    task.click_new_task()
pages\webapp\TaskFunctions.py:31: in click_new_task
    btn = wait_for_clickable(
utils\wait_utils.py:18: in wait_for_clickable
    return WebDriverWait(driver, timeout).until(
C:\Users\pinki\AppData\Local\Packages\PythonSoftwareFoundation.Python.3.11_qbz5n2kfra8p0\LocalCache\local-packages\Python311\site-packages\selenium\webdriver\support\wait.py:121: in until
    raise TimeoutException(message, screen, stacktrace)
E   selenium.common.exceptions.TimeoutException: Message: 
E   Stacktrace:
E   	chromedriver!GetHandleVerifier [0xa0b593+105d3]
E   	chromedriver!GetHandleVerifier [0xa0b6c4+10704]
E   	chromedriver!(No symbol) [0x811ea0]
E   	chromedriver!(No symbol) [0x85b28a]
E   	chromedriver!(No symbol) [0x85b52b]
E   	chromedriver!(No symbol) [0x89d052]
E   	chromedriver!(No symbol) [0x87d7c4]
E   	chromedriver!(No symbol) [0x89a936]
E   	chromedriver!(No symbol) [0x87d516]
E   	chromedriver!(No symbol) [0x8508e9]
E   	chromedriver!(No symbol) [0x8516a4]
E   	chromedriver!GetHandleVerifier [0xc93014+298054]
E   	chromedriver!GetHandleVerifier [0xc8e603+293643]
E   	chromedriver!GetHandleVerifier [0xcaea05+2b3a45]
E   	chromedriver!GetHandleVerifier [0xa254e8+2a528]
E   	chromedriver!GetHandleVerifier [0xa2cd1d+31d5d]
E   	chromedriver!GetHandleVerifier [0xa13e68+18ea8]
E   	chromedriver!GetHandleVerifier [0xa14015+19055]
E   	chromedriver!GetHandleVerifier [0x9fd65f+269f]
E   	KERNEL32!BaseThreadInitThunk [0x75215d49+19]
E   	ntdll!RtlInitializeExceptionChain [0x7779d83b+6b]
E   	ntdll!RtlGetAppContainerNamedObjectPath [0x7779d7c1+231]</failure></testcase><testcase classname="tests.WebApp.test_CreateTask" name="test_create_task_with_hours" time="52.098"><failure message="selenium.common.exceptions.TimeoutException: Message: &#10;Stacktrace:&#10;&#09;chromedriver!GetHandleVerifier [0xa0b593+105d3]&#10;&#09;chromedriver!GetHandleVerifier [0xa0b6c4+10704]&#10;&#09;chromedriver!(No symbol) [0x811ea0]&#10;&#09;chromedriver!(No symbol) [0x85b28a]&#10;&#09;chromedriver!(No symbol) [0x85b52b]&#10;&#09;chromedriver!(No symbol) [0x89d052]&#10;&#09;chromedriver!(No symbol) [0x87d7c4]&#10;&#09;chromedriver!(No symbol) [0x89a936]&#10;&#09;chromedriver!(No symbol) [0x87d516]&#10;&#09;chromedriver!(No symbol) [0x8508e9]&#10;&#09;chromedriver!(No symbol) [0x8516a4]&#10;&#09;chromedriver!GetHandleVerifier [0xc93014+298054]&#10;&#09;chromedriver!GetHandleVerifier [0xc8e603+293643]&#10;&#09;chromedriver!GetHandleVerifier [0xcaea05+2b3a45]&#10;&#09;chromedriver!GetHandleVerifier [0xa254e8+2a528]&#10;&#09;chromedriver!GetHandleVerifier [0xa2cd1d+31d5d]&#10;&#09;chromedriver!GetHandleVerifier [0xa13e68+18ea8]&#10;&#09;chromedriver!GetHandleVerifier [0xa14015+19055]&#10;&#09;chromedriver!GetHandleVerifier [0x9fd65f+269f]&#10;&#09;KERNEL32!BaseThreadInitThunk [0x75215d49+19]&#10;&#09;ntdll!RtlInitializeExceptionChain [0x7779d83b+6b]&#10;&#09;ntdll!RtlGetAppContainerNamedObjectPath [0x7779d7c1+231]">pages\webapp\TaskFunctions.py:29: in click_new_task
    btn = wait_for_clickable(self.driver, NEW_TASK_BUTTON, timeout=15)
          ^^^^^^^^^^^^^^^^^^^^^^^^^^^^^^^^^^^^^^^^^^^^^^^^^^^^^^^^^^^^
utils\wait_utils.py:18: in wait_for_clickable
    return WebDriverWait(driver, timeout).until(
C:\Users\pinki\AppData\Local\Packages\PythonSoftwareFoundation.Python.3.11_qbz5n2kfra8p0\LocalCache\local-packages\Python311\site-packages\selenium\webdriver\support\wait.py:121: in until
    raise TimeoutException(message, screen, stacktrace)
E   selenium.common.exceptions.TimeoutException: Message: 
E   Stacktrace:
E   	chromedriver!GetHandleVerifier [0xa0b593+105d3]
E   	chromedriver!GetHandleVerifier [0xa0b6c4+10704]
E   	chromedriver!(No symbol) [0x811ea0]
E   	chromedriver!(No symbol) [0x85b28a]
E   	chromedriver!(No symbol) [0x85b52b]
E   	chromedriver!(No symbol) [0x89d052]
E   	chromedriver!(No symbol) [0x87d7c4]
E   	chromedriver!(No symbol) [0x89a936]
E   	chromedriver!(No symbol) [0x87d516]
E   	chromedriver!(No symbol) [0x8508e9]
E   	chromedriver!(No symbol) [0x8516a4]
E   	chromedriver!GetHandleVerifier [0xc93014+298054]
E   	chromedriver!GetHandleVerifier [0xc8e603+293643]
E   	chromedriver!GetHandleVerifier [0xcaea05+2b3a45]
E   	chromedriver!GetHandleVerifier [0xa254e8+2a528]
E   	chromedriver!GetHandleVerifier [0xa2cd1d+31d5d]
E   	chromedriver!GetHandleVerifier [0xa13e68+18ea8]
E   	chromedriver!GetHandleVerifier [0xa14015+19055]
E   	chromedriver!GetHandleVerifier [0x9fd65f+269f]
E   	KERNEL32!BaseThreadInitThunk [0x75215d49+19]
E   	ntdll!RtlInitializeExceptionChain [0x7779d83b+6b]
E   	ntdll!RtlGetAppContainerNamedObjectPath [0x7779d7c1+231]

During handling of the above exception, another exception occurred:
tests\WebApp\test_CreateTask.py:52: in test_create_task_with_hours
    task.click_new_task()
pages\webapp\TaskFunctions.py:31: in click_new_task
    btn = wait_for_clickable(
utils\wait_utils.py:18: in wait_for_clickable
    return WebDriverWait(driver, timeout).until(
C:\Users\pinki\AppData\Local\Packages\PythonSoftwareFoundation.Python.3.11_qbz5n2kfra8p0\LocalCache\local-packages\Python311\site-packages\selenium\webdriver\support\wait.py:121: in until
    raise TimeoutException(message, screen, stacktrace)
E   selenium.common.exceptions.TimeoutException: Message: 
E   Stacktrace:
E   	chromedriver!GetHandleVerifier [0xa0b593+105d3]
E   	chromedriver!GetHandleVerifier [0xa0b6c4+10704]
E   	chromedriver!(No symbol) [0x811ea0]
E   	chromedriver!(No symbol) [0x85b28a]
E   	chromedriver!(No symbol) [0x85b52b]
E   	chromedriver!(No symbol) [0x89d052]
E   	chromedriver!(No symbol) [0x87d7c4]
E   	chromedriver!(No symbol) [0x89a936]
E   	chromedriver!(No symbol) [0x87d516]
E   	chromedriver!(No symbol) [0x8508e9]
E   	chromedriver!(No symbol) [0x8516a4]
E   	chromedriver!GetHandleVerifier [0xc93014+298054]
E   	chromedriver!GetHandleVerifier [0xc8e603+293643]
E   	chromedriver!GetHandleVerifier [0xcaea05+2b3a45]
E   	chromedriver!GetHandleVerifier [0xa254e8+2a528]
E   	chromedriver!GetHandleVerifier [0xa2cd1d+31d5d]
E   	chromedriver!GetHandleVerifier [0xa13e68+18ea8]
E   	chromedriver!GetHandleVerifier [0xa14015+19055]
E   	chromedriver!GetHandleVerifier [0x9fd65f+269f]
E   	KERNEL32!BaseThreadInitThunk [0x75215d49+19]
E   	ntdll!RtlInitializeExceptionChain [0x7779d83b+6b]
E   	ntdll!RtlGetAppContainerNamedObjectPath [0x7779d7c1+231]</failure></testcase><testcase classname="tests.WebApp.test_CreateTask" name="test_create_task_empty_title" time="49.695"><failure message="selenium.common.exceptions.TimeoutException: Message: &#10;Stacktrace:&#10;&#09;chromedriver!GetHandleVerifier [0xa0b593+105d3]&#10;&#09;chromedriver!GetHandleVerifier [0xa0b6c4+10704]&#10;&#09;chromedriver!(No symbol) [0x811ea0]&#10;&#09;chromedriver!(No symbol) [0x85b28a]&#10;&#09;chromedriver!(No symbol) [0x85b52b]&#10;&#09;chromedriver!(No symbol) [0x89d052]&#10;&#09;chromedriver!(No symbol) [0x87d7c4]&#10;&#09;chromedriver!(No symbol) [0x89a936]&#10;&#09;chromedriver!(No symbol) [0x87d516]&#10;&#09;chromedriver!(No symbol) [0x8508e9]&#10;&#09;chromedriver!(No symbol) [0x8516a4]&#10;&#09;chromedriver!GetHandleVerifier [0xc93014+298054]&#10;&#09;chromedriver!GetHandleVerifier [0xc8e603+293643]&#10;&#09;chromedriver!GetHandleVerifier [0xcaea05+2b3a45]&#10;&#09;chromedriver!GetHandleVerifier [0xa254e8+2a528]&#10;&#09;chromedriver!GetHandleVerifier [0xa2cd1d+31d5d]&#10;&#09;chromedriver!GetHandleVerifier [0xa13e68+18ea8]&#10;&#09;chromedriver!GetHandleVerifier [0xa14015+19055]&#10;&#09;chromedriver!GetHandleVerifier [0x9fd65f+269f]&#10;&#09;KERNEL32!BaseThreadInitThunk [0x75215d49+19]&#10;&#09;ntdll!RtlInitializeExceptionChain [0x7779d83b+6b]&#10;&#09;ntdll!RtlGetAppContainerNamedObjectPath [0x7779d7c1+231]">pages\webapp\TaskFunctions.py:29: in click_new_task
    btn = wait_for_clickable(self.driver, NEW_TASK_BUTTON, timeout=15)
          ^^^^^^^^^^^^^^^^^^^^^^^^^^^^^^^^^^^^^^^^^^^^^^^^^^^^^^^^^^^^
utils\wait_utils.py:18: in wait_for_clickable
    return WebDriverWait(driver, timeout).until(
C:\Users\pinki\AppData\Local\Packages\PythonSoftwareFoundation.Python.3.11_qbz5n2kfra8p0\LocalCache\local-packages\Python311\site-packages\selenium\webdriver\support\wait.py:121: in until
    raise TimeoutException(message, screen, stacktrace)
E   selenium.common.exceptions.TimeoutException: Message: 
E   Stacktrace:
E   	chromedriver!GetHandleVerifier [0xa0b593+105d3]
E   	chromedriver!GetHandleVerifier [0xa0b6c4+10704]
E   	chromedriver!(No symbol) [0x811ea0]
E   	chromedriver!(No symbol) [0x85b28a]
E   	chromedriver!(No symbol) [0x85b52b]
E   	chromedriver!(No symbol) [0x89d052]
E   	chromedriver!(No symbol) [0x87d7c4]
E   	chromedriver!(No symbol) [0x89a936]
E   	chromedriver!(No symbol) [0x87d516]
E   	chromedriver!(No symbol) [0x8508e9]
E   	chromedriver!(No symbol) [0x8516a4]
E   	chromedriver!GetHandleVerifier [0xc93014+298054]
E   	chromedriver!GetHandleVerifier [0xc8e603+293643]
E   	chromedriver!GetHandleVerifier [0xcaea05+2b3a45]
E   	chromedriver!GetHandleVerifier [0xa254e8+2a528]
E   	chromedriver!GetHandleVerifier [0xa2cd1d+31d5d]
E   	chromedriver!GetHandleVerifier [0xa13e68+18ea8]
E   	chromedriver!GetHandleVerifier [0xa14015+19055]
E   	chromedriver!GetHandleVerifier [0x9fd65f+269f]
E   	KERNEL32!BaseThreadInitThunk [0x75215d49+19]
E   	ntdll!RtlInitializeExceptionChain [0x7779d83b+6b]
E   	ntdll!RtlGetAppContainerNamedObjectPath [0x7779d7c1+231]

During handling of the above exception, another exception occurred:
tests\WebApp\test_CreateTask.py:69: in test_create_task_empty_title
    task.click_new_task()
pages\webapp\TaskFunctions.py:31: in click_new_task
    btn = wait_for_clickable(
utils\wait_utils.py:18: in wait_for_clickable
    return WebDriverWait(driver, timeout).until(
C:\Users\pinki\AppData\Local\Packages\PythonSoftwareFoundation.Python.3.11_qbz5n2kfra8p0\LocalCache\local-packages\Python311\site-packages\selenium\webdriver\support\wait.py:121: in until
    raise TimeoutException(message, screen, stacktrace)
E   selenium.common.exceptions.TimeoutException: Message: 
E   Stacktrace:
E   	chromedriver!GetHandleVerifier [0xa0b593+105d3]
E   	chromedriver!GetHandleVerifier [0xa0b6c4+10704]
E   	chromedriver!(No symbol) [0x811ea0]
E   	chromedriver!(No symbol) [0x85b28a]
E   	chromedriver!(No symbol) [0x85b52b]
E   	chromedriver!(No symbol) [0x89d052]
E   	chromedriver!(No symbol) [0x87d7c4]
E   	chromedriver!(No symbol) [0x89a936]
E   	chromedriver!(No symbol) [0x87d516]
E   	chromedriver!(No symbol) [0x8508e9]
E   	chromedriver!(No symbol) [0x8516a4]
E   	chromedriver!GetHandleVerifier [0xc93014+298054]
E   	chromedriver!GetHandleVerifier [0xc8e603+293643]
E   	chromedriver!GetHandleVerifier [0xcaea05+2b3a45]
E   	chromedriver!GetHandleVerifier [0xa254e8+2a528]
E   	chromedriver!GetHandleVerifier [0xa2cd1d+31d5d]
E   	chromedriver!GetHandleVerifier [0xa13e68+18ea8]
E   	chromedriver!GetHandleVerifier [0xa14015+19055]
E   	chromedriver!GetHandleVerifier [0x9fd65f+269f]
E   	KERNEL32!BaseThreadInitThunk [0x75215d49+19]
E   	ntdll!RtlInitializeExceptionChain [0x7779d83b+6b]
E   	ntdll!RtlGetAppContainerNamedObjectPath [0x7779d7c1+231]</failure></testcase></testsuite></testsuites>